[2018-04-30 00:09:10] INFO  org.springframework.boot.StartupInfoLogger 48 logStarting - Starting EsportsApplication on THINKPA-RSJ4KMO with PID 6368 (D:\myWork\esports\target\classes started by Administrator in D:\myWork\esports)
[2018-04-30 00:09:10] INFO  org.springframework.boot.SpringApplication 593 logStartupProfileInfo - No active profile set, falling back to default profiles: default
[2018-04-30 00:09:14] INFO  org.apache.juli.logging.DirectJDKLog 179 log - Starting service [Tomcat]
[2018-04-30 00:09:14] INFO  org.apache.juli.logging.DirectJDKLog 179 log - Starting Servlet Engine: Apache Tomcat/8.5.23
[2018-04-30 00:09:14] INFO  org.apache.juli.logging.DirectJDKLog 179 log - Initializing Spring embedded WebApplicationContext
[2018-04-30 00:09:16] INFO  org.apache.juli.logging.DirectJDKLog 179 log - Initializing ProtocolHandler ["http-nio-8081"]
[2018-04-30 00:09:16] INFO  org.apache.juli.logging.DirectJDKLog 179 log - Starting ProtocolHandler ["http-nio-8081"]
[2018-04-30 00:09:16] INFO  org.apache.juli.logging.DirectJDKLog 179 log - Using a shared selector for servlet write/read
[2018-04-30 00:09:16] INFO  org.springframework.boot.StartupInfoLogger 57 logStarted - Started EsportsApplication in 6.565 seconds (JVM running for 8.677)
[2018-04-30 00:09:41] INFO  org.apache.juli.logging.DirectJDKLog 179 log - Initializing Spring FrameworkServlet 'dispatcherServlet'
[2018-04-30 00:17:05] INFO  org.thymeleaf.TemplateEngine 825 initialize - [THYMELEAF] INITIALIZING TEMPLATE ENGINE
[2018-04-30 00:17:05] INFO  org.thymeleaf.templateresolver.AbstractTemplateResolver 99 initialize - [THYMELEAF] INITIALIZING TEMPLATE RESOLVER: org.thymeleaf.spring4.templateresolver.SpringResourceTemplateResolver
[2018-04-30 00:17:05] INFO  org.thymeleaf.templateresolver.AbstractTemplateResolver 110 initialize - [THYMELEAF] TEMPLATE RESOLVER INITIALIZED OK
[2018-04-30 00:17:05] INFO  org.thymeleaf.messageresolver.AbstractMessageResolver 72 initialize - [THYMELEAF] INITIALIZING MESSAGE RESOLVER: org.thymeleaf.spring4.messageresolver.SpringMessageResolver
[2018-04-30 00:17:05] INFO  org.thymeleaf.messageresolver.AbstractMessageResolver 78 initialize - [THYMELEAF] MESSAGE RESOLVER INITIALIZED OK
[2018-04-30 00:17:05] INFO  org.thymeleaf.TemplateEngine 838 initialize - [THYMELEAF] TEMPLATE ENGINE INITIALIZED
[2018-04-30 00:19:05] INFO  org.springframework.boot.StartupInfoLogger 48 logStarting - Starting EsportsApplication on THINKPA-RSJ4KMO with PID 5136 (D:\myWork\esports\target\classes started by Administrator in D:\myWork\esports)
[2018-04-30 00:19:05] INFO  org.springframework.boot.SpringApplication 593 logStartupProfileInfo - No active profile set, falling back to default profiles: default
[2018-04-30 00:19:09] INFO  org.apache.juli.logging.DirectJDKLog 179 log - Starting service [Tomcat]
[2018-04-30 00:19:09] INFO  org.apache.juli.logging.DirectJDKLog 179 log - Starting Servlet Engine: Apache Tomcat/8.5.23
[2018-04-30 00:19:09] INFO  org.apache.juli.logging.DirectJDKLog 179 log - Initializing Spring embedded WebApplicationContext
[2018-04-30 00:19:11] INFO  org.apache.juli.logging.DirectJDKLog 179 log - Initializing ProtocolHandler ["http-nio-8081"]
[2018-04-30 00:19:11] INFO  org.apache.juli.logging.DirectJDKLog 179 log - Starting ProtocolHandler ["http-nio-8081"]
[2018-04-30 00:19:11] INFO  org.apache.juli.logging.DirectJDKLog 179 log - Using a shared selector for servlet write/read
[2018-04-30 00:19:11] INFO  org.springframework.boot.StartupInfoLogger 57 logStarted - Started EsportsApplication in 6.366 seconds (JVM running for 8.524)
[2018-04-30 00:19:22] INFO  org.apache.juli.logging.DirectJDKLog 179 log - Initializing Spring FrameworkServlet 'dispatcherServlet'
[2018-04-30 00:20:42] INFO  org.thymeleaf.TemplateEngine 825 initialize - [THYMELEAF] INITIALIZING TEMPLATE ENGINE
[2018-04-30 00:20:42] INFO  org.thymeleaf.templateresolver.AbstractTemplateResolver 99 initialize - [THYMELEAF] INITIALIZING TEMPLATE RESOLVER: org.thymeleaf.spring4.templateresolver.SpringResourceTemplateResolver
[2018-04-30 00:20:42] INFO  org.thymeleaf.templateresolver.AbstractTemplateResolver 110 initialize - [THYMELEAF] TEMPLATE RESOLVER INITIALIZED OK
[2018-04-30 00:20:42] INFO  org.thymeleaf.messageresolver.AbstractMessageResolver 72 initialize - [THYMELEAF] INITIALIZING MESSAGE RESOLVER: org.thymeleaf.spring4.messageresolver.SpringMessageResolver
[2018-04-30 00:20:42] INFO  org.thymeleaf.messageresolver.AbstractMessageResolver 78 initialize - [THYMELEAF] MESSAGE RESOLVER INITIALIZED OK
[2018-04-30 00:20:42] INFO  org.thymeleaf.TemplateEngine 838 initialize - [THYMELEAF] TEMPLATE ENGINE INITIALIZED
[2018-04-30 00:37:29] INFO  org.springframework.boot.StartupInfoLogger 48 logStarting - Starting EsportsApplication on THINKPA-RSJ4KMO with PID 7084 (D:\myWork\esports\target\classes started by Administrator in D:\myWork\esports)
[2018-04-30 00:37:29] INFO  org.springframework.boot.SpringApplication 593 logStartupProfileInfo - No active profile set, falling back to default profiles: default
[2018-04-30 00:37:32] INFO  org.apache.juli.logging.DirectJDKLog 179 log - Starting service [Tomcat]
[2018-04-30 00:37:32] INFO  org.apache.juli.logging.DirectJDKLog 179 log - Starting Servlet Engine: Apache Tomcat/8.5.23
[2018-04-30 00:37:32] INFO  org.apache.juli.logging.DirectJDKLog 179 log - Initializing Spring embedded WebApplicationContext
[2018-04-30 00:37:35] INFO  org.apache.juli.logging.DirectJDKLog 179 log - Initializing ProtocolHandler ["http-nio-8081"]
[2018-04-30 00:37:35] INFO  org.apache.juli.logging.DirectJDKLog 179 log - Starting ProtocolHandler ["http-nio-8081"]
[2018-04-30 00:37:35] INFO  org.apache.juli.logging.DirectJDKLog 179 log - Using a shared selector for servlet write/read
[2018-04-30 00:37:35] INFO  org.springframework.boot.StartupInfoLogger 57 logStarted - Started EsportsApplication in 6.619 seconds (JVM running for 8.519)
[2018-04-30 00:37:43] INFO  org.apache.juli.logging.DirectJDKLog 179 log - Initializing Spring FrameworkServlet 'dispatcherServlet'
[2018-04-30 00:38:12] INFO  org.thymeleaf.TemplateEngine 825 initialize - [THYMELEAF] INITIALIZING TEMPLATE ENGINE
[2018-04-30 00:38:12] INFO  org.thymeleaf.templateresolver.AbstractTemplateResolver 99 initialize - [THYMELEAF] INITIALIZING TEMPLATE RESOLVER: org.thymeleaf.spring4.templateresolver.SpringResourceTemplateResolver
[2018-04-30 00:38:12] INFO  org.thymeleaf.templateresolver.AbstractTemplateResolver 110 initialize - [THYMELEAF] TEMPLATE RESOLVER INITIALIZED OK
[2018-04-30 00:38:12] INFO  org.thymeleaf.messageresolver.AbstractMessageResolver 72 initialize - [THYMELEAF] INITIALIZING MESSAGE RESOLVER: org.thymeleaf.spring4.messageresolver.SpringMessageResolver
[2018-04-30 00:38:12] INFO  org.thymeleaf.messageresolver.AbstractMessageResolver 78 initialize - [THYMELEAF] MESSAGE RESOLVER INITIALIZED OK
[2018-04-30 00:38:12] INFO  org.thymeleaf.TemplateEngine 838 initialize - [THYMELEAF] TEMPLATE ENGINE INITIALIZED
[2018-04-30 00:40:13] INFO  org.springframework.boot.StartupInfoLogger 48 logStarting - Starting EsportsApplication on THINKPA-RSJ4KMO with PID 6520 (D:\myWork\esports\target\classes started by Administrator in D:\myWork\esports)
[2018-04-30 00:40:13] INFO  org.springframework.boot.SpringApplication 593 logStartupProfileInfo - No active profile set, falling back to default profiles: default
[2018-04-30 00:40:17] INFO  org.apache.juli.logging.DirectJDKLog 179 log - Starting service [Tomcat]
[2018-04-30 00:40:17] INFO  org.apache.juli.logging.DirectJDKLog 179 log - Starting Servlet Engine: Apache Tomcat/8.5.23
[2018-04-30 00:40:17] INFO  org.apache.juli.logging.DirectJDKLog 179 log - Initializing Spring embedded WebApplicationContext
[2018-04-30 00:40:19] INFO  org.apache.juli.logging.DirectJDKLog 179 log - Initializing ProtocolHandler ["http-nio-8081"]
[2018-04-30 00:40:19] INFO  org.apache.juli.logging.DirectJDKLog 179 log - Starting ProtocolHandler ["http-nio-8081"]
[2018-04-30 00:40:19] INFO  org.apache.juli.logging.DirectJDKLog 179 log - Using a shared selector for servlet write/read
[2018-04-30 00:40:19] INFO  org.springframework.boot.StartupInfoLogger 57 logStarted - Started EsportsApplication in 6.158 seconds (JVM running for 8.567)
[2018-04-30 00:40:31] INFO  org.apache.juli.logging.DirectJDKLog 179 log - Initializing Spring FrameworkServlet 'dispatcherServlet'
[2018-04-30 00:40:45] INFO  org.thymeleaf.TemplateEngine 825 initialize - [THYMELEAF] INITIALIZING TEMPLATE ENGINE
[2018-04-30 00:40:45] INFO  org.thymeleaf.templateresolver.AbstractTemplateResolver 99 initialize - [THYMELEAF] INITIALIZING TEMPLATE RESOLVER: org.thymeleaf.spring4.templateresolver.SpringResourceTemplateResolver
[2018-04-30 00:40:45] INFO  org.thymeleaf.templateresolver.AbstractTemplateResolver 110 initialize - [THYMELEAF] TEMPLATE RESOLVER INITIALIZED OK
[2018-04-30 00:40:45] INFO  org.thymeleaf.messageresolver.AbstractMessageResolver 72 initialize - [THYMELEAF] INITIALIZING MESSAGE RESOLVER: org.thymeleaf.spring4.messageresolver.SpringMessageResolver
[2018-04-30 00:40:45] INFO  org.thymeleaf.messageresolver.AbstractMessageResolver 78 initialize - [THYMELEAF] MESSAGE RESOLVER INITIALIZED OK
[2018-04-30 00:40:45] INFO  org.thymeleaf.TemplateEngine 838 initialize - [THYMELEAF] TEMPLATE ENGINE INITIALIZED
[2018-04-30 00:41:08] INFO  org.springframework.boot.StartupInfoLogger 48 logStarting - Starting EsportsApplication on THINKPA-RSJ4KMO with PID 4308 (D:\myWork\esports\target\classes started by Administrator in D:\myWork\esports)
[2018-04-30 00:41:08] INFO  org.springframework.boot.SpringApplication 593 logStartupProfileInfo - No active profile set, falling back to default profiles: default
[2018-04-30 00:41:12] INFO  org.apache.juli.logging.DirectJDKLog 179 log - Starting service [Tomcat]
[2018-04-30 00:41:12] INFO  org.apache.juli.logging.DirectJDKLog 179 log - Starting Servlet Engine: Apache Tomcat/8.5.23
[2018-04-30 00:41:12] INFO  org.apache.juli.logging.DirectJDKLog 179 log - Initializing Spring embedded WebApplicationContext
[2018-04-30 00:41:14] INFO  org.apache.juli.logging.DirectJDKLog 179 log - Initializing ProtocolHandler ["http-nio-8081"]
[2018-04-30 00:41:14] INFO  org.apache.juli.logging.DirectJDKLog 179 log - Starting ProtocolHandler ["http-nio-8081"]
[2018-04-30 00:41:14] INFO  org.apache.juli.logging.DirectJDKLog 179 log - Using a shared selector for servlet write/read
[2018-04-30 00:41:14] INFO  org.springframework.boot.StartupInfoLogger 57 logStarted - Started EsportsApplication in 6.626 seconds (JVM running for 8.928)
[2018-04-30 00:41:17] INFO  org.apache.juli.logging.DirectJDKLog 179 log - Initializing Spring FrameworkServlet 'dispatcherServlet'
[2018-04-30 00:42:50] INFO  org.thymeleaf.TemplateEngine 825 initialize - [THYMELEAF] INITIALIZING TEMPLATE ENGINE
[2018-04-30 00:42:51] INFO  org.thymeleaf.templateresolver.AbstractTemplateResolver 99 initialize - [THYMELEAF] INITIALIZING TEMPLATE RESOLVER: org.thymeleaf.spring4.templateresolver.SpringResourceTemplateResolver
[2018-04-30 00:42:51] INFO  org.thymeleaf.templateresolver.AbstractTemplateResolver 110 initialize - [THYMELEAF] TEMPLATE RESOLVER INITIALIZED OK
[2018-04-30 00:42:51] INFO  org.thymeleaf.messageresolver.AbstractMessageResolver 72 initialize - [THYMELEAF] INITIALIZING MESSAGE RESOLVER: org.thymeleaf.spring4.messageresolver.SpringMessageResolver
[2018-04-30 00:42:51] INFO  org.thymeleaf.messageresolver.AbstractMessageResolver 78 initialize - [THYMELEAF] MESSAGE RESOLVER INITIALIZED OK
[2018-04-30 00:42:51] INFO  org.thymeleaf.TemplateEngine 838 initialize - [THYMELEAF] TEMPLATE ENGINE INITIALIZED
[2018-04-30 01:00:01] INFO  org.springframework.boot.StartupInfoLogger 48 logStarting - Starting EsportsApplication on THINKPA-RSJ4KMO with PID 4312 (D:\myWork\esports\target\classes started by Administrator in D:\myWork\esports)
[2018-04-30 01:00:01] INFO  org.springframework.boot.SpringApplication 593 logStartupProfileInfo - No active profile set, falling back to default profiles: default
[2018-04-30 01:00:05] INFO  org.apache.juli.logging.DirectJDKLog 179 log - Starting service [Tomcat]
[2018-04-30 01:00:05] INFO  org.apache.juli.logging.DirectJDKLog 179 log - Starting Servlet Engine: Apache Tomcat/8.5.23
[2018-04-30 01:00:05] INFO  org.apache.juli.logging.DirectJDKLog 179 log - Initializing Spring embedded WebApplicationContext
[2018-04-30 01:00:07] INFO  org.apache.juli.logging.DirectJDKLog 179 log - Initializing ProtocolHandler ["http-nio-8081"]
[2018-04-30 01:00:07] INFO  org.apache.juli.logging.DirectJDKLog 179 log - Starting ProtocolHandler ["http-nio-8081"]
[2018-04-30 01:00:07] INFO  org.apache.juli.logging.DirectJDKLog 179 log - Using a shared selector for servlet write/read
[2018-04-30 01:00:07] INFO  org.springframework.boot.StartupInfoLogger 57 logStarted - Started EsportsApplication in 6.294 seconds (JVM running for 8.416)
[2018-04-30 01:00:18] INFO  org.apache.juli.logging.DirectJDKLog 179 log - Initializing Spring FrameworkServlet 'dispatcherServlet'
[2018-04-30 01:01:14] INFO  org.thymeleaf.TemplateEngine 825 initialize - [THYMELEAF] INITIALIZING TEMPLATE ENGINE
[2018-04-30 01:01:14] INFO  org.thymeleaf.templateresolver.AbstractTemplateResolver 99 initialize - [THYMELEAF] INITIALIZING TEMPLATE RESOLVER: org.thymeleaf.spring4.templateresolver.SpringResourceTemplateResolver
[2018-04-30 01:01:14] INFO  org.thymeleaf.templateresolver.AbstractTemplateResolver 110 initialize - [THYMELEAF] TEMPLATE RESOLVER INITIALIZED OK
[2018-04-30 01:01:14] INFO  org.thymeleaf.messageresolver.AbstractMessageResolver 72 initialize - [THYMELEAF] INITIALIZING MESSAGE RESOLVER: org.thymeleaf.spring4.messageresolver.SpringMessageResolver
[2018-04-30 01:01:14] INFO  org.thymeleaf.messageresolver.AbstractMessageResolver 78 initialize - [THYMELEAF] MESSAGE RESOLVER INITIALIZED OK
[2018-04-30 01:01:14] INFO  org.thymeleaf.TemplateEngine 838 initialize - [THYMELEAF] TEMPLATE ENGINE INITIALIZED
[2018-04-30 01:02:29] INFO  org.springframework.boot.StartupInfoLogger 48 logStarting - Starting EsportsApplication on THINKPA-RSJ4KMO with PID 6596 (D:\myWork\esports\target\classes started by Administrator in D:\myWork\esports)
[2018-04-30 01:02:29] INFO  org.springframework.boot.SpringApplication 593 logStartupProfileInfo - No active profile set, falling back to default profiles: default
[2018-04-30 01:02:32] INFO  org.apache.juli.logging.DirectJDKLog 179 log - Starting service [Tomcat]
[2018-04-30 01:02:32] INFO  org.apache.juli.logging.DirectJDKLog 179 log - Starting Servlet Engine: Apache Tomcat/8.5.23
[2018-04-30 01:02:32] INFO  org.apache.juli.logging.DirectJDKLog 179 log - Initializing Spring embedded WebApplicationContext
[2018-04-30 01:02:35] INFO  org.apache.juli.logging.DirectJDKLog 179 log - Initializing ProtocolHandler ["http-nio-8081"]
[2018-04-30 01:02:35] INFO  org.apache.juli.logging.DirectJDKLog 179 log - Starting ProtocolHandler ["http-nio-8081"]
[2018-04-30 01:02:35] INFO  org.apache.juli.logging.DirectJDKLog 179 log - Using a shared selector for servlet write/read
[2018-04-30 01:02:35] INFO  org.springframework.boot.StartupInfoLogger 57 logStarted - Started EsportsApplication in 6.68 seconds (JVM running for 8.937)
[2018-04-30 01:02:43] INFO  org.apache.juli.logging.DirectJDKLog 179 log - Initializing Spring FrameworkServlet 'dispatcherServlet'
[2018-04-30 01:04:11] INFO  org.springframework.boot.StartupInfoLogger 48 logStarting - Starting EsportsApplication on THINKPA-RSJ4KMO with PID 2172 (D:\myWork\esports\target\classes started by Administrator in D:\myWork\esports)
[2018-04-30 01:04:11] INFO  org.springframework.boot.SpringApplication 593 logStartupProfileInfo - No active profile set, falling back to default profiles: default
[2018-04-30 01:04:14] INFO  org.apache.juli.logging.DirectJDKLog 179 log - Starting service [Tomcat]
[2018-04-30 01:04:14] INFO  org.apache.juli.logging.DirectJDKLog 179 log - Starting Servlet Engine: Apache Tomcat/8.5.23
[2018-04-30 01:04:14] INFO  org.apache.juli.logging.DirectJDKLog 179 log - Initializing Spring embedded WebApplicationContext
[2018-04-30 01:04:16] INFO  org.apache.juli.logging.DirectJDKLog 179 log - Initializing ProtocolHandler ["http-nio-8081"]
[2018-04-30 01:04:16] INFO  org.apache.juli.logging.DirectJDKLog 179 log - Starting ProtocolHandler ["http-nio-8081"]
[2018-04-30 01:04:16] INFO  org.apache.juli.logging.DirectJDKLog 179 log - Using a shared selector for servlet write/read
[2018-04-30 01:04:16] INFO  org.springframework.boot.StartupInfoLogger 57 logStarted - Started EsportsApplication in 6.53 seconds (JVM running for 8.366)
[2018-04-30 01:04:21] INFO  org.apache.juli.logging.DirectJDKLog 179 log - Initializing Spring FrameworkServlet 'dispatcherServlet'
[2018-04-30 01:09:00] INFO  org.thymeleaf.TemplateEngine 825 initialize - [THYMELEAF] INITIALIZING TEMPLATE ENGINE
[2018-04-30 01:09:00] INFO  org.thymeleaf.templateresolver.AbstractTemplateResolver 99 initialize - [THYMELEAF] INITIALIZING TEMPLATE RESOLVER: org.thymeleaf.spring4.templateresolver.SpringResourceTemplateResolver
[2018-04-30 01:09:00] INFO  org.thymeleaf.templateresolver.AbstractTemplateResolver 110 initialize - [THYMELEAF] TEMPLATE RESOLVER INITIALIZED OK
[2018-04-30 01:09:00] INFO  org.thymeleaf.messageresolver.AbstractMessageResolver 72 initialize - [THYMELEAF] INITIALIZING MESSAGE RESOLVER: org.thymeleaf.spring4.messageresolver.SpringMessageResolver
[2018-04-30 01:09:00] INFO  org.thymeleaf.messageresolver.AbstractMessageResolver 78 initialize - [THYMELEAF] MESSAGE RESOLVER INITIALIZED OK
[2018-04-30 01:09:00] INFO  org.thymeleaf.TemplateEngine 838 initialize - [THYMELEAF] TEMPLATE ENGINE INITIALIZED
[2018-04-30 01:13:21] INFO  org.springframework.boot.StartupInfoLogger 48 logStarting - Starting EsportsApplication on THINKPA-RSJ4KMO with PID 5760 (D:\myWork\esports\target\classes started by Administrator in D:\myWork\esports)
[2018-04-30 01:13:21] INFO  org.springframework.boot.SpringApplication 593 logStartupProfileInfo - No active profile set, falling back to default profiles: default
[2018-04-30 01:13:24] INFO  org.apache.juli.logging.DirectJDKLog 179 log - Starting service [Tomcat]
[2018-04-30 01:13:24] INFO  org.apache.juli.logging.DirectJDKLog 179 log - Starting Servlet Engine: Apache Tomcat/8.5.23
[2018-04-30 01:13:25] INFO  org.apache.juli.logging.DirectJDKLog 179 log - Initializing Spring embedded WebApplicationContext
[2018-04-30 01:13:27] INFO  org.apache.juli.logging.DirectJDKLog 179 log - Initializing ProtocolHandler ["http-nio-8081"]
[2018-04-30 01:13:27] INFO  org.apache.juli.logging.DirectJDKLog 179 log - Starting ProtocolHandler ["http-nio-8081"]
[2018-04-30 01:13:27] INFO  org.apache.juli.logging.DirectJDKLog 179 log - Using a shared selector for servlet write/read
[2018-04-30 01:13:27] INFO  org.springframework.boot.StartupInfoLogger 57 logStarted - Started EsportsApplication in 6.712 seconds (JVM running for 8.512)
[2018-04-30 01:13:51] INFO  org.apache.juli.logging.DirectJDKLog 179 log - Initializing Spring FrameworkServlet 'dispatcherServlet'
[2018-04-30 01:13:51] INFO  org.thymeleaf.TemplateEngine 825 initialize - [THYMELEAF] INITIALIZING TEMPLATE ENGINE
[2018-04-30 01:13:52] INFO  org.thymeleaf.templateresolver.AbstractTemplateResolver 99 initialize - [THYMELEAF] INITIALIZING TEMPLATE RESOLVER: org.thymeleaf.spring4.templateresolver.SpringResourceTemplateResolver
[2018-04-30 01:13:52] INFO  org.thymeleaf.templateresolver.AbstractTemplateResolver 110 initialize - [THYMELEAF] TEMPLATE RESOLVER INITIALIZED OK
[2018-04-30 01:13:52] INFO  org.thymeleaf.messageresolver.AbstractMessageResolver 72 initialize - [THYMELEAF] INITIALIZING MESSAGE RESOLVER: org.thymeleaf.spring4.messageresolver.SpringMessageResolver
[2018-04-30 01:13:52] INFO  org.thymeleaf.messageresolver.AbstractMessageResolver 78 initialize - [THYMELEAF] MESSAGE RESOLVER INITIALIZED OK
[2018-04-30 01:13:52] INFO  org.thymeleaf.TemplateEngine 838 initialize - [THYMELEAF] TEMPLATE ENGINE INITIALIZED
[2018-04-30 01:22:08] INFO  org.springframework.boot.StartupInfoLogger 48 logStarting - Starting EsportsApplication on THINKPA-RSJ4KMO with PID 4256 (D:\myWork\esports\target\classes started by Administrator in D:\myWork\esports)
[2018-04-30 01:22:08] INFO  org.springframework.boot.SpringApplication 593 logStartupProfileInfo - No active profile set, falling back to default profiles: default
[2018-04-30 01:22:12] INFO  org.apache.juli.logging.DirectJDKLog 179 log - Starting service [Tomcat]
[2018-04-30 01:22:12] INFO  org.apache.juli.logging.DirectJDKLog 179 log - Starting Servlet Engine: Apache Tomcat/8.5.23
[2018-04-30 01:22:12] INFO  org.apache.juli.logging.DirectJDKLog 179 log - Initializing Spring embedded WebApplicationContext
[2018-04-30 01:22:14] INFO  org.apache.juli.logging.DirectJDKLog 179 log - Initializing ProtocolHandler ["http-nio-8081"]
[2018-04-30 01:22:14] INFO  org.apache.juli.logging.DirectJDKLog 179 log - Starting ProtocolHandler ["http-nio-8081"]
[2018-04-30 01:22:14] INFO  org.apache.juli.logging.DirectJDKLog 179 log - Using a shared selector for servlet write/read
[2018-04-30 01:22:14] INFO  org.springframework.boot.StartupInfoLogger 57 logStarted - Started EsportsApplication in 6.652 seconds (JVM running for 8.563)
[2018-04-30 01:22:19] INFO  org.apache.juli.logging.DirectJDKLog 179 log - Initializing Spring FrameworkServlet 'dispatcherServlet'
[2018-04-30 01:23:27] INFO  org.springframework.boot.StartupInfoLogger 48 logStarting - Starting EsportsApplication on THINKPA-RSJ4KMO with PID 6892 (D:\myWork\esports\target\classes started by Administrator in D:\myWork\esports)
[2018-04-30 01:23:27] INFO  org.springframework.boot.SpringApplication 593 logStartupProfileInfo - No active profile set, falling back to default profiles: default
[2018-04-30 01:23:30] INFO  org.apache.juli.logging.DirectJDKLog 179 log - Starting service [Tomcat]
[2018-04-30 01:23:30] INFO  org.apache.juli.logging.DirectJDKLog 179 log - Starting Servlet Engine: Apache Tomcat/8.5.23
[2018-04-30 01:23:30] INFO  org.apache.juli.logging.DirectJDKLog 179 log - Initializing Spring embedded WebApplicationContext
[2018-04-30 01:23:32] INFO  org.apache.juli.logging.DirectJDKLog 179 log - Initializing ProtocolHandler ["http-nio-8081"]
[2018-04-30 01:23:32] INFO  org.apache.juli.logging.DirectJDKLog 179 log - Starting ProtocolHandler ["http-nio-8081"]
[2018-04-30 01:23:32] INFO  org.apache.juli.logging.DirectJDKLog 179 log - Using a shared selector for servlet write/read
[2018-04-30 01:23:32] INFO  org.springframework.boot.StartupInfoLogger 57 logStarted - Started EsportsApplication in 6.537 seconds (JVM running for 8.395)
[2018-04-30 01:23:37] INFO  org.apache.juli.logging.DirectJDKLog 179 log - Initializing Spring FrameworkServlet 'dispatcherServlet'
[2018-04-30 01:24:35] INFO  org.springframework.boot.StartupInfoLogger 48 logStarting - Starting EsportsApplication on THINKPA-RSJ4KMO with PID 4364 (D:\myWork\esports\target\classes started by Administrator in D:\myWork\esports)
[2018-04-30 01:24:35] INFO  org.springframework.boot.SpringApplication 593 logStartupProfileInfo - No active profile set, falling back to default profiles: default
[2018-04-30 01:24:38] INFO  org.apache.juli.logging.DirectJDKLog 179 log - Starting service [Tomcat]
[2018-04-30 01:24:38] INFO  org.apache.juli.logging.DirectJDKLog 179 log - Starting Servlet Engine: Apache Tomcat/8.5.23
[2018-04-30 01:24:38] INFO  org.apache.juli.logging.DirectJDKLog 179 log - Initializing Spring embedded WebApplicationContext
[2018-04-30 01:24:41] INFO  org.apache.juli.logging.DirectJDKLog 179 log - Initializing ProtocolHandler ["http-nio-8081"]
[2018-04-30 01:24:41] INFO  org.apache.juli.logging.DirectJDKLog 179 log - Starting ProtocolHandler ["http-nio-8081"]
[2018-04-30 01:24:41] INFO  org.apache.juli.logging.DirectJDKLog 179 log - Using a shared selector for servlet write/read
[2018-04-30 01:24:41] INFO  org.springframework.boot.StartupInfoLogger 57 logStarted - Started EsportsApplication in 6.448 seconds (JVM running for 8.424)
[2018-04-30 01:24:44] INFO  org.apache.juli.logging.DirectJDKLog 179 log - Initializing Spring FrameworkServlet 'dispatcherServlet'
[2018-04-30 01:25:37] INFO  org.thymeleaf.TemplateEngine 825 initialize - [THYMELEAF] INITIALIZING TEMPLATE ENGINE
[2018-04-30 01:25:37] INFO  org.thymeleaf.templateresolver.AbstractTemplateResolver 99 initialize - [THYMELEAF] INITIALIZING TEMPLATE RESOLVER: org.thymeleaf.spring4.templateresolver.SpringResourceTemplateResolver
[2018-04-30 01:25:37] INFO  org.thymeleaf.templateresolver.AbstractTemplateResolver 110 initialize - [THYMELEAF] TEMPLATE RESOLVER INITIALIZED OK
[2018-04-30 01:25:37] INFO  org.thymeleaf.messageresolver.AbstractMessageResolver 72 initialize - [THYMELEAF] INITIALIZING MESSAGE RESOLVER: org.thymeleaf.spring4.messageresolver.SpringMessageResolver
[2018-04-30 01:25:37] INFO  org.thymeleaf.messageresolver.AbstractMessageResolver 78 initialize - [THYMELEAF] MESSAGE RESOLVER INITIALIZED OK
[2018-04-30 01:25:37] INFO  org.thymeleaf.TemplateEngine 838 initialize - [THYMELEAF] TEMPLATE ENGINE INITIALIZED
[2018-04-30 01:44:45] INFO  org.springframework.boot.StartupInfoLogger 48 logStarting - Starting EsportsApplication on THINKPA-RSJ4KMO with PID 4916 (D:\myWork\esports\target\classes started by Administrator in D:\myWork\esports)
[2018-04-30 01:44:45] INFO  org.springframework.boot.SpringApplication 593 logStartupProfileInfo - No active profile set, falling back to default profiles: default
[2018-04-30 01:44:48] INFO  org.apache.juli.logging.DirectJDKLog 179 log - Starting service [Tomcat]
[2018-04-30 01:44:48] INFO  org.apache.juli.logging.DirectJDKLog 179 log - Starting Servlet Engine: Apache Tomcat/8.5.23
[2018-04-30 01:44:48] INFO  org.apache.juli.logging.DirectJDKLog 179 log - Initializing Spring embedded WebApplicationContext
[2018-04-30 01:44:51] INFO  org.apache.juli.logging.DirectJDKLog 179 log - Initializing ProtocolHandler ["http-nio-8081"]
[2018-04-30 01:44:51] INFO  org.apache.juli.logging.DirectJDKLog 179 log - Starting ProtocolHandler ["http-nio-8081"]
[2018-04-30 01:44:51] INFO  org.apache.juli.logging.DirectJDKLog 179 log - Using a shared selector for servlet write/read
[2018-04-30 01:44:51] INFO  org.springframework.boot.StartupInfoLogger 57 logStarted - Started EsportsApplication in 6.545 seconds (JVM running for 8.288)
[2018-04-30 01:44:59] INFO  org.apache.juli.logging.DirectJDKLog 179 log - Initializing Spring FrameworkServlet 'dispatcherServlet'
[2018-04-30 01:44:59] INFO  org.thymeleaf.TemplateEngine 825 initialize - [THYMELEAF] INITIALIZING TEMPLATE ENGINE
[2018-04-30 01:44:59] INFO  org.thymeleaf.templateresolver.AbstractTemplateResolver 99 initialize - [THYMELEAF] INITIALIZING TEMPLATE RESOLVER: org.thymeleaf.spring4.templateresolver.SpringResourceTemplateResolver
[2018-04-30 01:44:59] INFO  org.thymeleaf.templateresolver.AbstractTemplateResolver 110 initialize - [THYMELEAF] TEMPLATE RESOLVER INITIALIZED OK
[2018-04-30 01:44:59] INFO  org.thymeleaf.messageresolver.AbstractMessageResolver 72 initialize - [THYMELEAF] INITIALIZING MESSAGE RESOLVER: org.thymeleaf.spring4.messageresolver.SpringMessageResolver
[2018-04-30 01:44:59] INFO  org.thymeleaf.messageresolver.AbstractMessageResolver 78 initialize - [THYMELEAF] MESSAGE RESOLVER INITIALIZED OK
[2018-04-30 01:44:59] INFO  org.thymeleaf.TemplateEngine 838 initialize - [THYMELEAF] TEMPLATE ENGINE INITIALIZED
[2018-04-30 01:48:09] INFO  org.springframework.boot.StartupInfoLogger 48 logStarting - Starting EsportsApplication on THINKPA-RSJ4KMO with PID 6976 (D:\myWork\esports\target\classes started by Administrator in D:\myWork\esports)
[2018-04-30 01:48:09] INFO  org.springframework.boot.SpringApplication 593 logStartupProfileInfo - No active profile set, falling back to default profiles: default
[2018-04-30 01:48:12] INFO  org.apache.juli.logging.DirectJDKLog 179 log - Starting service [Tomcat]
[2018-04-30 01:48:12] INFO  org.apache.juli.logging.DirectJDKLog 179 log - Starting Servlet Engine: Apache Tomcat/8.5.23
[2018-04-30 01:48:13] INFO  org.apache.juli.logging.DirectJDKLog 179 log - Initializing Spring embedded WebApplicationContext
[2018-04-30 01:48:15] INFO  org.apache.juli.logging.DirectJDKLog 179 log - Initializing ProtocolHandler ["http-nio-8081"]
[2018-04-30 01:48:15] INFO  org.apache.juli.logging.DirectJDKLog 179 log - Starting ProtocolHandler ["http-nio-8081"]
[2018-04-30 01:48:15] INFO  org.apache.juli.logging.DirectJDKLog 179 log - Using a shared selector for servlet write/read
[2018-04-30 01:48:15] INFO  org.springframework.boot.StartupInfoLogger 57 logStarted - Started EsportsApplication in 6.712 seconds (JVM running for 8.464)
[2018-04-30 01:48:21] INFO  org.apache.juli.logging.DirectJDKLog 179 log - Initializing Spring FrameworkServlet 'dispatcherServlet'
[2018-04-30 01:48:21] INFO  org.thymeleaf.TemplateEngine 825 initialize - [THYMELEAF] INITIALIZING TEMPLATE ENGINE
[2018-04-30 01:48:21] INFO  org.thymeleaf.templateresolver.AbstractTemplateResolver 99 initialize - [THYMELEAF] INITIALIZING TEMPLATE RESOLVER: org.thymeleaf.spring4.templateresolver.SpringResourceTemplateResolver
[2018-04-30 01:48:21] INFO  org.thymeleaf.templateresolver.AbstractTemplateResolver 110 initialize - [THYMELEAF] TEMPLATE RESOLVER INITIALIZED OK
[2018-04-30 01:48:21] INFO  org.thymeleaf.messageresolver.AbstractMessageResolver 72 initialize - [THYMELEAF] INITIALIZING MESSAGE RESOLVER: org.thymeleaf.spring4.messageresolver.SpringMessageResolver
[2018-04-30 01:48:21] INFO  org.thymeleaf.messageresolver.AbstractMessageResolver 78 initialize - [THYMELEAF] MESSAGE RESOLVER INITIALIZED OK
[2018-04-30 01:48:21] INFO  org.thymeleaf.TemplateEngine 838 initialize - [THYMELEAF] TEMPLATE ENGINE INITIALIZED
[2018-04-30 01:49:34] INFO  org.springframework.boot.StartupInfoLogger 48 logStarting - Starting EsportsApplication on THINKPA-RSJ4KMO with PID 2628 (D:\myWork\esports\target\classes started by Administrator in D:\myWork\esports)
[2018-04-30 01:49:34] INFO  org.springframework.boot.SpringApplication 593 logStartupProfileInfo - No active profile set, falling back to default profiles: default
[2018-04-30 01:49:37] INFO  org.apache.juli.logging.DirectJDKLog 179 log - Starting service [Tomcat]
[2018-04-30 01:49:37] INFO  org.apache.juli.logging.DirectJDKLog 179 log - Starting Servlet Engine: Apache Tomcat/8.5.23
[2018-04-30 01:49:38] INFO  org.apache.juli.logging.DirectJDKLog 179 log - Initializing Spring embedded WebApplicationContext
[2018-04-30 01:49:40] INFO  org.apache.juli.logging.DirectJDKLog 179 log - Initializing ProtocolHandler ["http-nio-8081"]
[2018-04-30 01:49:40] INFO  org.apache.juli.logging.DirectJDKLog 179 log - Starting ProtocolHandler ["http-nio-8081"]
[2018-04-30 01:49:40] INFO  org.apache.juli.logging.DirectJDKLog 179 log - Using a shared selector for servlet write/read
[2018-04-30 01:49:40] INFO  org.springframework.boot.StartupInfoLogger 57 logStarted - Started EsportsApplication in 6.457 seconds (JVM running for 8.326)
[2018-04-30 01:49:43] INFO  org.apache.juli.logging.DirectJDKLog 179 log - Initializing Spring FrameworkServlet 'dispatcherServlet'
[2018-04-30 01:49:43] INFO  org.thymeleaf.TemplateEngine 825 initialize - [THYMELEAF] INITIALIZING TEMPLATE ENGINE
[2018-04-30 01:49:43] INFO  org.thymeleaf.templateresolver.AbstractTemplateResolver 99 initialize - [THYMELEAF] INITIALIZING TEMPLATE RESOLVER: org.thymeleaf.spring4.templateresolver.SpringResourceTemplateResolver
[2018-04-30 01:49:43] INFO  org.thymeleaf.templateresolver.AbstractTemplateResolver 110 initialize - [THYMELEAF] TEMPLATE RESOLVER INITIALIZED OK
[2018-04-30 01:49:43] INFO  org.thymeleaf.messageresolver.AbstractMessageResolver 72 initialize - [THYMELEAF] INITIALIZING MESSAGE RESOLVER: org.thymeleaf.spring4.messageresolver.SpringMessageResolver
[2018-04-30 01:49:43] INFO  org.thymeleaf.messageresolver.AbstractMessageResolver 78 initialize - [THYMELEAF] MESSAGE RESOLVER INITIALIZED OK
[2018-04-30 01:49:44] INFO  org.thymeleaf.TemplateEngine 838 initialize - [THYMELEAF] TEMPLATE ENGINE INITIALIZED
[2018-04-30 01:52:22] INFO  org.springframework.boot.StartupInfoLogger 48 logStarting - Starting EsportsApplication on THINKPA-RSJ4KMO with PID 6756 (D:\myWork\esports\target\classes started by Administrator in D:\myWork\esports)
[2018-04-30 01:52:22] INFO  org.springframework.boot.SpringApplication 593 logStartupProfileInfo - No active profile set, falling back to default profiles: default
[2018-04-30 01:52:25] INFO  org.apache.juli.logging.DirectJDKLog 179 log - Starting service [Tomcat]
[2018-04-30 01:52:25] INFO  org.apache.juli.logging.DirectJDKLog 179 log - Starting Servlet Engine: Apache Tomcat/8.5.23
[2018-04-30 01:52:25] INFO  org.apache.juli.logging.DirectJDKLog 179 log - Initializing Spring embedded WebApplicationContext
[2018-04-30 01:52:28] INFO  org.apache.juli.logging.DirectJDKLog 179 log - Initializing ProtocolHandler ["http-nio-8081"]
[2018-04-30 01:52:28] INFO  org.apache.juli.logging.DirectJDKLog 179 log - Starting ProtocolHandler ["http-nio-8081"]
[2018-04-30 01:52:28] INFO  org.apache.juli.logging.DirectJDKLog 179 log - Using a shared selector for servlet write/read
[2018-04-30 01:52:28] INFO  org.springframework.boot.StartupInfoLogger 57 logStarted - Started EsportsApplication in 6.363 seconds (JVM running for 8.398)
[2018-04-30 01:52:33] INFO  org.apache.juli.logging.DirectJDKLog 179 log - Initializing Spring FrameworkServlet 'dispatcherServlet'
[2018-04-30 01:52:33] INFO  org.thymeleaf.TemplateEngine 825 initialize - [THYMELEAF] INITIALIZING TEMPLATE ENGINE
[2018-04-30 01:52:33] INFO  org.thymeleaf.templateresolver.AbstractTemplateResolver 99 initialize - [THYMELEAF] INITIALIZING TEMPLATE RESOLVER: org.thymeleaf.spring4.templateresolver.SpringResourceTemplateResolver
[2018-04-30 01:52:33] INFO  org.thymeleaf.templateresolver.AbstractTemplateResolver 110 initialize - [THYMELEAF] TEMPLATE RESOLVER INITIALIZED OK
[2018-04-30 01:52:33] INFO  org.thymeleaf.messageresolver.AbstractMessageResolver 72 initialize - [THYMELEAF] INITIALIZING MESSAGE RESOLVER: org.thymeleaf.spring4.messageresolver.SpringMessageResolver
[2018-04-30 01:52:33] INFO  org.thymeleaf.messageresolver.AbstractMessageResolver 78 initialize - [THYMELEAF] MESSAGE RESOLVER INITIALIZED OK
[2018-04-30 01:52:33] INFO  org.thymeleaf.TemplateEngine 838 initialize - [THYMELEAF] TEMPLATE ENGINE INITIALIZED
[2018-04-30 10:30:37] INFO  org.springframework.boot.StartupInfoLogger 48 logStarting - Starting EsportsApplication on THINKPA-RSJ4KMO with PID 2996 (D:\myWork\esports\target\classes started by Administrator in D:\myWork\esports)
[2018-04-30 10:30:37] INFO  org.springframework.boot.SpringApplication 593 logStartupProfileInfo - No active profile set, falling back to default profiles: default
[2018-04-30 10:30:41] INFO  org.apache.juli.logging.DirectJDKLog 179 log - Starting service [Tomcat]
[2018-04-30 10:30:41] INFO  org.apache.juli.logging.DirectJDKLog 179 log - Starting Servlet Engine: Apache Tomcat/8.5.23
[2018-04-30 10:30:41] INFO  org.apache.juli.logging.DirectJDKLog 179 log - Initializing Spring embedded WebApplicationContext
[2018-04-30 10:30:45] INFO  org.apache.juli.logging.DirectJDKLog 179 log - Initializing ProtocolHandler ["http-nio-8081"]
[2018-04-30 10:30:45] INFO  org.apache.juli.logging.DirectJDKLog 179 log - Starting ProtocolHandler ["http-nio-8081"]
[2018-04-30 10:30:45] INFO  org.apache.juli.logging.DirectJDKLog 179 log - Using a shared selector for servlet write/read
[2018-04-30 10:30:45] INFO  org.springframework.boot.StartupInfoLogger 57 logStarted - Started EsportsApplication in 7.787 seconds (JVM running for 10.922)
[2018-04-30 10:31:11] INFO  org.apache.juli.logging.DirectJDKLog 179 log - Initializing Spring FrameworkServlet 'dispatcherServlet'
[2018-04-30 10:31:12] INFO  org.thymeleaf.TemplateEngine 825 initialize - [THYMELEAF] INITIALIZING TEMPLATE ENGINE
[2018-04-30 10:31:12] INFO  org.thymeleaf.templateresolver.AbstractTemplateResolver 99 initialize - [THYMELEAF] INITIALIZING TEMPLATE RESOLVER: org.thymeleaf.spring4.templateresolver.SpringResourceTemplateResolver
[2018-04-30 10:31:12] INFO  org.thymeleaf.templateresolver.AbstractTemplateResolver 110 initialize - [THYMELEAF] TEMPLATE RESOLVER INITIALIZED OK
[2018-04-30 10:31:12] INFO  org.thymeleaf.messageresolver.AbstractMessageResolver 72 initialize - [THYMELEAF] INITIALIZING MESSAGE RESOLVER: org.thymeleaf.spring4.messageresolver.SpringMessageResolver
[2018-04-30 10:31:12] INFO  org.thymeleaf.messageresolver.AbstractMessageResolver 78 initialize - [THYMELEAF] MESSAGE RESOLVER INITIALIZED OK
[2018-04-30 10:31:12] INFO  org.thymeleaf.TemplateEngine 838 initialize - [THYMELEAF] TEMPLATE ENGINE INITIALIZED
[2018-04-30 10:36:12] INFO  org.springframework.boot.StartupInfoLogger 48 logStarting - Starting EsportsApplication on THINKPA-RSJ4KMO with PID 6168 (D:\myWork\esports\target\classes started by Administrator in D:\myWork\esports)
[2018-04-30 10:36:12] INFO  org.springframework.boot.SpringApplication 593 logStartupProfileInfo - No active profile set, falling back to default profiles: default
[2018-04-30 10:36:16] INFO  org.apache.juli.logging.DirectJDKLog 179 log - Starting service [Tomcat]
[2018-04-30 10:36:16] INFO  org.apache.juli.logging.DirectJDKLog 179 log - Starting Servlet Engine: Apache Tomcat/8.5.23
[2018-04-30 10:36:16] INFO  org.apache.juli.logging.DirectJDKLog 179 log - Initializing Spring embedded WebApplicationContext
[2018-04-30 10:36:18] INFO  org.apache.juli.logging.DirectJDKLog 179 log - Initializing ProtocolHandler ["http-nio-8081"]
[2018-04-30 10:36:18] INFO  org.apache.juli.logging.DirectJDKLog 179 log - Starting ProtocolHandler ["http-nio-8081"]
[2018-04-30 10:36:18] INFO  org.apache.juli.logging.DirectJDKLog 179 log - Using a shared selector for servlet write/read
[2018-04-30 10:36:18] INFO  org.springframework.boot.StartupInfoLogger 57 logStarted - Started EsportsApplication in 7.09 seconds (JVM running for 10.023)
[2018-04-30 10:42:11] INFO  org.springframework.boot.StartupInfoLogger 48 logStarting - Starting EsportsApplication on THINKPA-RSJ4KMO with PID 5152 (D:\myWork\esports\target\classes started by Administrator in D:\myWork\esports)
[2018-04-30 10:42:11] INFO  org.springframework.boot.SpringApplication 593 logStartupProfileInfo - No active profile set, falling back to default profiles: default
[2018-04-30 10:42:15] INFO  org.apache.juli.logging.DirectJDKLog 179 log - Starting service [Tomcat]
[2018-04-30 10:42:15] INFO  org.apache.juli.logging.DirectJDKLog 179 log - Starting Servlet Engine: Apache Tomcat/8.5.23
[2018-04-30 10:42:15] INFO  org.apache.juli.logging.DirectJDKLog 179 log - Initializing Spring embedded WebApplicationContext
[2018-04-30 10:42:18] INFO  org.apache.juli.logging.DirectJDKLog 179 log - Initializing ProtocolHandler ["http-nio-8081"]
[2018-04-30 10:42:18] INFO  org.apache.juli.logging.DirectJDKLog 179 log - Starting ProtocolHandler ["http-nio-8081"]
[2018-04-30 10:42:18] INFO  org.apache.juli.logging.DirectJDKLog 179 log - Using a shared selector for servlet write/read
[2018-04-30 10:42:18] INFO  org.springframework.boot.StartupInfoLogger 57 logStarted - Started EsportsApplication in 7.933 seconds (JVM running for 9.796)
[2018-04-30 10:42:54] INFO  org.apache.juli.logging.DirectJDKLog 179 log - Initializing Spring FrameworkServlet 'dispatcherServlet'
[2018-04-30 10:42:54] INFO  org.thymeleaf.TemplateEngine 825 initialize - [THYMELEAF] INITIALIZING TEMPLATE ENGINE
[2018-04-30 10:42:54] INFO  org.thymeleaf.templateresolver.AbstractTemplateResolver 99 initialize - [THYMELEAF] INITIALIZING TEMPLATE RESOLVER: org.thymeleaf.spring4.templateresolver.SpringResourceTemplateResolver
[2018-04-30 10:42:54] INFO  org.thymeleaf.templateresolver.AbstractTemplateResolver 110 initialize - [THYMELEAF] TEMPLATE RESOLVER INITIALIZED OK
[2018-04-30 10:42:54] INFO  org.thymeleaf.messageresolver.AbstractMessageResolver 72 initialize - [THYMELEAF] INITIALIZING MESSAGE RESOLVER: org.thymeleaf.spring4.messageresolver.SpringMessageResolver
[2018-04-30 10:42:54] INFO  org.thymeleaf.messageresolver.AbstractMessageResolver 78 initialize - [THYMELEAF] MESSAGE RESOLVER INITIALIZED OK
[2018-04-30 10:42:54] INFO  org.thymeleaf.TemplateEngine 838 initialize - [THYMELEAF] TEMPLATE ENGINE INITIALIZED
